<?xml version="1.0" encoding="UTF-8"?>
<!-- Generated by org.testng.reporters.JUnitXMLReporter -->
<testsuite hostname="Govind-PC" ignored="0" name="depend-on-mentod-Test" tests="2" failures="1" timestamp="19 Jun 2018 16:57:11 GMT" time="0.012" errors="0">
  <testcase name="TC5_test1" time="0.002" classname="TestNG.TC5">
    <failure type="java.lang.AssertionError" message="expected [true] but found [false]">
      <![CDATA[java.lang.AssertionError: expected [true] but found [false]
	at TestNG.TC5.TC5_test1(TC5.java:13)
... Removed 29 stack frames]]>
    </failure>
  </testcase> <!-- TC5_test1 -->
  <testcase name="TC5_test2" time="0.001" classname="TestNG.TC5">
    <skipped/>
  </testcase> <!-- TC5_test2 -->
</testsuite> <!-- depend-on-mentod-Test -->
