<?xml version="1.0" encoding="UTF-8"?>
<!-- Generated by org.testng.reporters.JUnitXMLReporter -->
<testsuite hostname="Govind-PC" ignored="0" name="enable-false-operation" tests="2" failures="1" timestamp="19 Jun 2018 16:57:10 GMT" time="0.07" errors="0">
  <testcase name="TC1_test1" time="0.01" classname="TestNG.TC1"/>
  <testcase name="TC1_test2" time="0.003" classname="TestNG.TC1">
    <failure type="java.lang.AssertionError" message="expected [true] but found [false]">
      <![CDATA[java.lang.AssertionError: expected [true] but found [false]
	at TestNG.TC1.TC1_test2(TC1.java:34)
... Removed 29 stack frames]]>
    </failure>
  </testcase> <!-- TC1_test2 -->
</testsuite> <!-- enable-false-operation -->
