<?xml version="1.0" encoding="UTF-8"?>
<!-- Generated by org.testng.reporters.JUnitXMLReporter -->
<testsuite hostname="Govind-PC" ignored="0" name="Expected_Exception_test" tests="2" failures="1" timestamp="19 Jun 2018 16:57:11 GMT" time="0.018" errors="0">
  <testcase name="TC2_test1" time="0.003" classname="TestNG.TC2"/>
  <testcase name="TC2_test2" time="0.002" classname="TestNG.TC2">
    <failure type="java.lang.ArithmeticException" message="/ by zero">
      <![CDATA[java.lang.ArithmeticException: / by zero
	at TestNG.TC2.TC2_test2(TC2.java:22)
... Removed 25 stack frames]]>
    </failure>
  </testcase> <!-- TC2_test2 -->
</testsuite> <!-- Expected_Exception_test -->
