<?xml version="1.0" encoding="UTF-8"?>
<!-- Generated by org.testng.reporters.JUnitXMLReporter -->
<testsuite hostname="Govind-PC" ignored="0" name="RunPackage" tests="7" failures="4" timestamp="19 Jun 2018 16:57:12 GMT" time="0.051" errors="0">
  <testcase name="TC1_test1" time="0.001" classname="TestNG.TC1"/>
  <testcase name="TC1_test2" time="0.002" classname="TestNG.TC1">
    <failure type="java.lang.AssertionError" message="expected [true] but found [false]">
      <![CDATA[java.lang.AssertionError: expected [true] but found [false]
	at TestNG.TC1.TC1_test2(TC1.java:34)
... Removed 29 stack frames]]>
    </failure>
  </testcase> <!-- TC1_test2 -->
  <testcase name="TC2_test1" time="0.002" classname="TestNG.TC2"/>
  <testcase name="TC2_test2" time="0.001" classname="TestNG.TC2">
    <failure type="java.lang.ArithmeticException" message="/ by zero">
      <![CDATA[java.lang.ArithmeticException: / by zero
	at TestNG.TC2.TC2_test2(TC2.java:22)
... Removed 25 stack frames]]>
    </failure>
  </testcase> <!-- TC2_test2 -->
  <testcase name="TC3_test1" time="0.002" classname="TestNG.TC3"/>
  <testcase name="TC3_test2" time="0.004" classname="TestNG.TC3">
    <failure type="java.lang.AssertionError" message="expected [true] but found [false]">
      <![CDATA[java.lang.AssertionError: expected [true] but found [false]
	at TestNG.TC3.TC3_test2(TC3.java:17)
... Removed 29 stack frames]]>
    </failure>
  </testcase> <!-- TC3_test2 -->
  <testcase name="add" time="0.0" classname="TestNG.TC6_xml_Parameter">
    <failure type="org.testng.TestNGException" message="
Parameter &amp;apos;password&amp;apos; is required by @Test on method add but has not been marked @Optional or defined
in C:\Users\Govind\workspace\Selenium\testng.xml">
      <![CDATA[org.testng.TestNGException: 
Parameter 'password' is required by @Test on method add but has not been marked @Optional or defined
in C:\Users\Govind\workspace\Selenium\testng.xml
... Removed 24 stack frames]]>
    </failure>
  </testcase> <!-- add -->
</testsuite> <!-- RunPackage -->
