<?xml version="1.0" encoding="UTF-8"?>
<!-- Generated by org.testng.reporters.JUnitXMLReporter -->
<testsuite hostname="Govind-PC" ignored="0" name="TestNG_2" tests="2" failures="1" timestamp="22 Dec 2017 13:25:24 GMT" time="0.018" errors="0">
  <testcase name="TC2_test1" time="0.004" classname="TestNG.TC2"/>
  <testcase name="TC2_test2" time="0.003" classname="TestNG.TC2">
    <failure type="java.lang.AssertionError" message="expected [true] but found [false]">
      <![CDATA[java.lang.AssertionError: expected [true] but found [false]
	at TestNG.TC2.TC2_test2(TC2.java:17)
... Removed 29 stack frames]]>
    </failure>
  </testcase> <!-- TC2_test2 -->
</testsuite> <!-- TestNG_2 -->
