<?xml version="1.0" encoding="UTF-8"?>
<!-- Generated by org.testng.reporters.JUnitXMLReporter -->
<testsuite hostname="Govind-PC" ignored="0" name="Test" tests="8" failures="4" timestamp="22 Dec 2017 12:28:47 GMT" time="0.111" errors="0">
  <testcase name="TC1_test1" time="0.018" classname="TestNG.TC1"/>
  <testcase name="TC1_test2" time="0.004" classname="TestNG.TC1">
    <failure type="java.lang.AssertionError" message="expected [true] but found [false]">
      <![CDATA[java.lang.AssertionError: expected [true] but found [false]
	at TestNG.TC1.TC1_test2(TC1.java:18)
... Removed 29 stack frames]]>
    </failure>
  </testcase> <!-- TC1_test2 -->
  <testcase name="TC2_test1" time="0.002" classname="TestNG.TC2"/>
  <testcase name="TC2_test2" time="0.002" classname="TestNG.TC2">
    <failure type="java.lang.AssertionError" message="expected [true] but found [false]">
      <![CDATA[java.lang.AssertionError: expected [true] but found [false]
	at TestNG.TC2.TC2_test2(TC2.java:17)
... Removed 29 stack frames]]>
    </failure>
  </testcase> <!-- TC2_test2 -->
  <testcase name="TC3_test1" time="0.001" classname="TestNG.TC3"/>
  <testcase name="TC3_test2" time="0.003" classname="TestNG.TC3">
    <failure type="java.lang.AssertionError" message="expected [true] but found [false]">
      <![CDATA[java.lang.AssertionError: expected [true] but found [false]
	at TestNG.TC3.TC3_test2(TC3.java:17)
... Removed 29 stack frames]]>
    </failure>
  </testcase> <!-- TC3_test2 -->
  <testcase name="TC4_test1" time="0.003" classname="TestNG.TC4"/>
  <testcase name="TC4_test2" time="0.002" classname="TestNG.TC4">
    <failure type="java.lang.AssertionError" message="expected [true] but found [false]">
      <![CDATA[java.lang.AssertionError: expected [true] but found [false]
	at TestNG.TC4.TC4_test2(TC4.java:17)
... Removed 29 stack frames]]>
    </failure>
  </testcase> <!-- TC4_test2 -->
</testsuite> <!-- Test -->
